<testsuites id="" name="" tests="7" failures="0" skipped="0" errors="0" time="7.5777529999997935">
<testsuite name="subscription-list.spec.ts" timestamp="2026-05-04T06:33:40.146Z" hostname="chromium" tests="7" failures="0" skipped="0" time="17.551" errors="0">
<testcase name="SubscriptionList Display (ATDD - Story 3.2) › [P0] should display empty state when no subscriptions exist" classname="subscription-list.spec.ts" time="2.528">
<system-out>
<![CDATA[
[[ATTACHMENT|test-results\subscription-list-Subscrip-cffd8-when-no-subscriptions-exist-chromium\trace.zip]]
]]>
</system-out>
</testcase>
<testcase name="SubscriptionList Display (ATDD - Story 3.2) › [P0] should display subscription name in list" classname="subscription-list.spec.ts" time="3.091">
<system-out>
<![CDATA[
[[ATTACHMENT|test-results\subscription-list-Subscrip-08723-y-subscription-name-in-list-chromium\trace.zip]]
]]>
</system-out>
</testcase>
<testcase name="SubscriptionList Display (ATDD - Story 3.2) › [P0] should display subscription cost in currency format" classname="subscription-list.spec.ts" time="2.998">
<system-out>
<![CDATA[
[[ATTACHMENT|test-results\subscription-list-Subscrip-106cd-ion-cost-in-currency-format-chromium\trace.zip]]
]]>
</system-out>
</testcase>
<testcase name="SubscriptionList Display (ATDD - Story 3.2) › [P0] should display due date with proper formatting" classname="subscription-list.spec.ts" time="2.343">
<system-out>
<![CDATA[
[[ATTACHMENT|test-results\subscription-list-Subscrip-59244-date-with-proper-formatting-chromium\trace.zip]]
]]>
</system-out>
</testcase>
<testcase name="SubscriptionList Display (ATDD - Story 3.2) › [P1] should display edit button on each row" classname="subscription-list.spec.ts" time="2.69">
<system-out>
<![CDATA[
[[ATTACHMENT|test-results\subscription-list-Subscrip-fa67b-lay-edit-button-on-each-row-chromium\trace.zip]]
]]>
</system-out>
</testcase>
<testcase name="SubscriptionList Display (ATDD - Story 3.2) › [P1] should display delete button on each row" classname="subscription-list.spec.ts" time="2.53">
<system-out>
<![CDATA[
[[ATTACHMENT|test-results\subscription-list-Subscrip-3c6f4-y-delete-button-on-each-row-chromium\trace.zip]]
]]>
</system-out>
</testcase>
<testcase name="SubscriptionList Display (ATDD - Story 3.2) › [P0] should render 100+ subscriptions within 100ms" classname="subscription-list.spec.ts" time="1.371">
<system-out>
<![CDATA[
[[ATTACHMENT|test-results\subscription-list-Subscrip-5189f--subscriptions-within-100ms-chromium\trace.zip]]
]]>
</system-out>
</testcase>
</testsuite>
</testsuites>